[16:53:39] [main/INFO]: Setting user: Player96
[16:53:45] [Client thread/INFO]: LWJGL Version: 2.9.1
[16:53:58] [Client thread/INFO]: Reloading ResourceManager: Default, FMLFileResourcePack:Forge Mod Loader, FMLFileResourcePack:Minecraft Forge, FMLFileResourcePack:Not Enough Items, FMLFileResourcePack:§3XyCraft, FMLFileResourcePack:CoFH Core
[16:54:02] [Sound Library Loader/INFO]: Sound engine started
[16:54:10] [Client thread/INFO]: Created: 512x512 textures/blocks-atlas
[16:54:10] [Client thread/INFO]: Created: 512x256 textures/items-atlas
[16:54:13] [Client thread/INFO]: Reloading ResourceManager: Default, FMLFileResourcePack:Forge Mod Loader, FMLFileResourcePack:Minecraft Forge, FMLFileResourcePack:Not Enough Items, FMLFileResourcePack:§3XyCraft, FMLFileResourcePack:CoFH Core
[16:54:16] [Client thread/INFO]: Created: 512x512 textures/blocks-atlas
[16:54:16] [Client thread/INFO]: Created: 512x256 textures/items-atlas
[16:54:17] [Sound Library Loader/INFO]: Sound engine started
[16:54:26] [Server thread/INFO]: Starting integrated minecraft server version 1.7.10
[16:54:26] [Server thread/INFO]: Generating keypair
[16:54:27] [Server thread/INFO]: Preparing start region for level 0
[16:54:28] [Server thread/INFO]: Preparing spawn area: 47%
[16:54:29] [Server thread/INFO]: Changing view distance to 4, from 10
[16:54:30] [Server thread/INFO]: Player96[local:E:c007d8d5] logged in with entity id 209 at (1164.4723938918096, 4.0, 674.4166519225209)
[16:54:30] [Server thread/INFO]: Player96 joined the game
[16:54:31] [pool-2-thread-1/WARN]: Couldn't look up profile properties for com.mojang.authlib.GameProfile@4b71a97b[id=2ce4ef37-1586-3eaf-ba6f-4b93d1e38829,name=Player96,properties={},legacy=false]
com.mojang.authlib.exceptions.AuthenticationUnavailableException: Cannot contact authentication server
	at com.mojang.authlib.yggdrasil.YggdrasilAuthenticationService.makeRequest(YggdrasilAuthenticationService.java:71) ~[YggdrasilAuthenticationService.class:?]
	at com.mojang.authlib.yggdrasil.YggdrasilMinecraftSessionService.fillGameProfile(YggdrasilMinecraftSessionService.java:158) [YggdrasilMinecraftSessionService.class:?]
	at com.mojang.authlib.yggdrasil.YggdrasilMinecraftSessionService$1.load(YggdrasilMinecraftSessionService.java:53) [YggdrasilMinecraftSessionService$1.class:?]
	at com.mojang.authlib.yggdrasil.YggdrasilMinecraftSessionService$1.load(YggdrasilMinecraftSessionService.java:50) [YggdrasilMinecraftSessionService$1.class:?]
	at com.google.common.cache.LocalCache$LoadingValueReference.loadFuture(LocalCache.java:3524) [guava-17.0.jar:?]
	at com.google.common.cache.LocalCache$Segment.loadSync(LocalCache.java:2317) [guava-17.0.jar:?]
	at com.google.common.cache.LocalCache$Segment.lockedGetOrLoad(LocalCache.java:2280) [guava-17.0.jar:?]
	at com.google.common.cache.LocalCache$Segment.get(LocalCache.java:2195) [guava-17.0.jar:?]
	at com.google.common.cache.LocalCache.get(LocalCache.java:3934) [guava-17.0.jar:?]
	at com.google.common.cache.LocalCache.getOrLoad(LocalCache.java:3938) [guava-17.0.jar:?]
	at com.google.common.cache.LocalCache$LocalLoadingCache.get(LocalCache.java:4821) [guava-17.0.jar:?]
	at com.google.common.cache.LocalCache$LocalLoadingCache.getUnchecked(LocalCache.java:4827) [guava-17.0.jar:?]
	at com.mojang.authlib.yggdrasil.YggdrasilMinecraftSessionService.fillProfileProperties(YggdrasilMinecraftSessionService.java:148) [YggdrasilMinecraftSessionService.class:?]
	at net.minecraft.client.resources.SkinManager$3.run(SkinManager.java:133) [SkinManager$3.class:?]
	at java.util.concurrent.Executors$RunnableAdapter.call(Unknown Source) [?:1.8.0_51]
	at java.util.concurrent.FutureTask.run(Unknown Source) [?:1.8.0_51]
	at java.util.concurrent.ThreadPoolExecutor.runWorker(Unknown Source) [?:1.8.0_51]
	at java.util.concurrent.ThreadPoolExecutor$Worker.run(Unknown Source) [?:1.8.0_51]
	at java.lang.Thread.run(Unknown Source) [?:1.8.0_51]
Caused by: java.net.UnknownHostException: sessionserver.mojang.com
	at java.net.AbstractPlainSocketImpl.connect(Unknown Source) ~[?:1.8.0_51]
	at java.net.PlainSocketImpl.connect(Unknown Source) ~[?:1.8.0_51]
	at java.net.SocksSocketImpl.connect(Unknown Source) ~[?:1.8.0_51]
	at java.net.Socket.connect(Unknown Source) ~[?:1.8.0_51]
	at sun.security.ssl.SSLSocketImpl.connect(Unknown Source) ~[?:1.8.0_51]
	at sun.net.NetworkClient.doConnect(Unknown Source) ~[?:1.8.0_51]
	at sun.net.www.http.HttpClient.openServer(Unknown Source) ~[?:1.8.0_51]
	at sun.net.www.http.HttpClient.openServer(Unknown Source) ~[?:1.8.0_51]
	at sun.net.www.protocol.https.HttpsClient.<init>(Unknown Source) ~[?:1.8.0_51]
	at sun.net.www.protocol.https.HttpsClient.New(Unknown Source) ~[?:1.8.0_51]
	at sun.net.www.protocol.https.AbstractDelegateHttpsURLConnection.getNewHttpClient(Unknown Source) ~[?:1.8.0_51]
	at sun.net.www.protocol.http.HttpURLConnection.plainConnect0(Unknown Source) ~[?:1.8.0_51]
	at sun.net.www.protocol.http.HttpURLConnection$6.run(Unknown Source) ~[?:1.8.0_51]
	at sun.net.www.protocol.http.HttpURLConnection$6.run(Unknown Source) ~[?:1.8.0_51]
	at java.security.AccessController.doPrivileged(Native Method) ~[?:1.8.0_51]
	at java.security.AccessController.doPrivileged(Unknown Source) ~[?:1.8.0_51]
	at sun.net.www.protocol.http.HttpURLConnection.plainConnect(Unknown Source) ~[?:1.8.0_51]
	at sun.net.www.protocol.https.AbstractDelegateHttpsURLConnection.connect(Unknown Source) ~[?:1.8.0_51]
	at sun.net.www.protocol.http.HttpURLConnection.getInputStream0(Unknown Source) ~[?:1.8.0_51]
	at sun.net.www.protocol.http.HttpURLConnection.access$200(Unknown Source) ~[?:1.8.0_51]
	at sun.net.www.protocol.http.HttpURLConnection$9.run(Unknown Source) ~[?:1.8.0_51]
	at sun.net.www.protocol.http.HttpURLConnection$9.run(Unknown Source) ~[?:1.8.0_51]
	at java.security.AccessController.doPrivileged(Native Method) ~[?:1.8.0_51]
	at java.security.AccessController.doPrivileged(Unknown Source) ~[?:1.8.0_51]
	at sun.net.www.protocol.http.HttpURLConnection.getInputStream(Unknown Source) ~[?:1.8.0_51]
	at sun.net.www.protocol.https.HttpsURLConnectionImpl.getInputStream(Unknown Source) ~[?:1.8.0_51]
	at com.mojang.authlib.HttpAuthenticationService.performGetRequest(HttpAuthenticationService.java:126) ~[HttpAuthenticationService.class:?]
	at com.mojang.authlib.yggdrasil.YggdrasilAuthenticationService.makeRequest(YggdrasilAuthenticationService.java:54) ~[YggdrasilAuthenticationService.class:?]
	... 18 more
[16:54:46] [Server thread/INFO]: Player96 has just earned the achievement [Taking Inventory]
[16:54:46] [Client thread/INFO]: [CHAT] Player96 has just earned the achievement [Taking Inventory]
[16:54:47] [Client thread/INFO]: [CHAT] Day 3. 18:00
[16:55:05] [Client thread/INFO]: [CHAT] Day 4. 6:00
[16:55:17] [Client thread/INFO]: [CHAT] You are now playing creative
[16:57:16] [Client thread/INFO]: [CHAT] Day 5. 18:00
[16:57:23] [Client thread/INFO]: [CHAT] Day 6. 6:00
[16:58:08] [Client thread/INFO]: [CHAT] Saved screenshot as 2015-09-18_16.58.07.png
[16:58:22] [Server thread/INFO]: Saving and pausing game...
[16:58:22] [Server thread/INFO]: Saving chunks for level 'Test'/Overworld
[16:58:22] [Server thread/INFO]: Saving chunks for level 'Test'/Nether
[16:58:22] [Server thread/INFO]: Saving chunks for level 'Test'/The End
[16:58:22] [Server thread/INFO]: Stopping server
[16:58:22] [Server thread/INFO]: Saving players
[16:58:22] [Server thread/INFO]: Saving worlds
[16:58:22] [Server thread/INFO]: Saving chunks for level 'Test'/Overworld
[16:58:22] [Server thread/INFO]: Saving chunks for level 'Test'/Nether
[16:58:22] [Server thread/INFO]: Saving chunks for level 'Test'/The End
[16:58:24] [Client thread/INFO]: Stopping!
